[28-Jan-2025 16:51:36 UTC] PHP Deprecated:  Automatic conversion of false to array is deprecated in /Applications/MAMP/htdocs/wordpress/wp-content/plugins/wp-user-manager/includes/options.php on line 76
[28-Jan-2025 16:51:36 UTC] PHP Deprecated:  Return type of WPUM\Carbon_Fields\Pimple\Container::offsetExists($id) should either be compatible with ArrayAccess::offsetExists(mixed $offset): bool, or the #[\ReturnTypeWillChange] attribute should be used to temporarily suppress the notice in /Applications/MAMP/htdocs/wordpress/wp-content/plugins/wp-user-manager/vendor-dist/htmlburger/carbon-fields/core/Pimple/Container.php on line 111
[28-Jan-2025 16:51:36 UTC] PHP Deprecated:  Return type of WPUM\Carbon_Fields\Pimple\Container::offsetGet($id) should either be compatible with ArrayAccess::offsetGet(mixed $offset): mixed, or the #[\ReturnTypeWillChange] attribute should be used to temporarily suppress the notice in /Applications/MAMP/htdocs/wordpress/wp-content/plugins/wp-user-manager/vendor-dist/htmlburger/carbon-fields/core/Pimple/Container.php on line 87
[28-Jan-2025 16:51:36 UTC] PHP Deprecated:  Return type of WPUM\Carbon_Fields\Pimple\Container::offsetSet($id, $value) should either be compatible with ArrayAccess::offsetSet(mixed $offset, mixed $value): void, or the #[\ReturnTypeWillChange] attribute should be used to temporarily suppress the notice in /Applications/MAMP/htdocs/wordpress/wp-content/plugins/wp-user-manager/vendor-dist/htmlburger/carbon-fields/core/Pimple/Container.php on line 70
[28-Jan-2025 16:51:36 UTC] PHP Deprecated:  Return type of WPUM\Carbon_Fields\Pimple\Container::offsetUnset($id) should either be compatible with ArrayAccess::offsetUnset(mixed $offset): void, or the #[\ReturnTypeWillChange] attribute should be used to temporarily suppress the notice in /Applications/MAMP/htdocs/wordpress/wp-content/plugins/wp-user-manager/vendor-dist/htmlburger/carbon-fields/core/Pimple/Container.php on line 120
[28-Jan-2025 16:51:36 UTC] PHP Notice:  Function _load_textdomain_just_in_time was called <strong>incorrectly</strong>. Translation loading for the <code>wp-user-manager</code> domain was triggered too early. This is usually an indicator for some code in the plugin or theme running too early. Translations should be loaded at the <code>init</code> action or later. Please see <a href="https://developer.wordpress.org/advanced-administration/debug/debug-wordpress/">Debugging in WordPress</a> for more information. (This message was added in version 6.7.0.) in /Applications/MAMP/htdocs/wordpress/wp-includes/functions.php on line 6114
[28-Jan-2025 16:51:36 UTC] PHP Deprecated:  Creation of dynamic property WPUM_Field::$metas is deprecated in /Applications/MAMP/htdocs/wordpress/wp-content/plugins/wp-user-manager/includes/fields/class-wpum-field.php on line 508
[28-Jan-2025 16:51:36 UTC] PHP Deprecated:  Creation of dynamic property WPUM_Field::$metas is deprecated in /Applications/MAMP/htdocs/wordpress/wp-content/plugins/wp-user-manager/includes/fields/class-wpum-field.php on line 508
[28-Jan-2025 16:51:36 UTC] PHP Deprecated:  Creation of dynamic property WPUM_Field::$metas is deprecated in /Applications/MAMP/htdocs/wordpress/wp-content/plugins/wp-user-manager/includes/fields/class-wpum-field.php on line 508
[28-Jan-2025 16:51:36 UTC] PHP Deprecated:  Creation of dynamic property WPUM_Field::$metas is deprecated in /Applications/MAMP/htdocs/wordpress/wp-content/plugins/wp-user-manager/includes/fields/class-wpum-field.php on line 508
[28-Jan-2025 16:51:36 UTC] PHP Deprecated:  Creation of dynamic property WPUM_Field::$metas is deprecated in /Applications/MAMP/htdocs/wordpress/wp-content/plugins/wp-user-manager/includes/fields/class-wpum-field.php on line 508
[28-Jan-2025 16:51:36 UTC] PHP Deprecated:  Creation of dynamic property WPUM_Field::$metas is deprecated in /Applications/MAMP/htdocs/wordpress/wp-content/plugins/wp-user-manager/includes/fields/class-wpum-field.php on line 508
[28-Jan-2025 16:51:36 UTC] PHP Deprecated:  Creation of dynamic property WPUM_Field::$metas is deprecated in /Applications/MAMP/htdocs/wordpress/wp-content/plugins/wp-user-manager/includes/fields/class-wpum-field.php on line 508
[28-Jan-2025 16:51:36 UTC] PHP Deprecated:  Creation of dynamic property WPUM_Field::$metas is deprecated in /Applications/MAMP/htdocs/wordpress/wp-content/plugins/wp-user-manager/includes/fields/class-wpum-field.php on line 508
[28-Jan-2025 16:51:36 UTC] PHP Deprecated:  Creation of dynamic property WPUM_Field::$metas is deprecated in /Applications/MAMP/htdocs/wordpress/wp-content/plugins/wp-user-manager/includes/fields/class-wpum-field.php on line 508
[28-Jan-2025 16:51:36 UTC] PHP Deprecated:  Creation of dynamic property WPUM_Field::$metas is deprecated in /Applications/MAMP/htdocs/wordpress/wp-content/plugins/wp-user-manager/includes/fields/class-wpum-field.php on line 508
[28-Jan-2025 16:51:36 UTC] PHP Deprecated:  Calling get_class() without arguments is deprecated in /Applications/MAMP/htdocs/wordpress/wp-content/plugins/wp-user-manager/vendor-dist/htmlburger/carbon-fields/core/Field.php on line 29
[28-Jan-2025 16:51:36 UTC] PHP Deprecated:  Calling get_class() without arguments is deprecated in /Applications/MAMP/htdocs/wordpress/wp-content/plugins/wp-user-manager/vendor-dist/htmlburger/carbon-fields/core/Field.php on line 29
[28-Jan-2025 16:51:36 UTC] PHP Deprecated:  Calling get_class() without arguments is deprecated in /Applications/MAMP/htdocs/wordpress/wp-content/plugins/wp-user-manager/vendor-dist/htmlburger/carbon-fields/core/Container.php on line 29
[28-Jan-2025 16:51:36 UTC] PHP Deprecated:  Creation of dynamic property WPUM\Carbon_Fields\Container\User_Meta_Container::$id is deprecated in /Applications/MAMP/htdocs/wordpress/wp-content/plugins/wp-user-manager/vendor-dist/htmlburger/carbon-fields/core/Container/Container.php on line 188
[28-Jan-2025 16:51:36 UTC] PHP Deprecated:  Creation of dynamic property WPUM\Carbon_Fields\Container\User_Meta_Container::$type is deprecated in /Applications/MAMP/htdocs/wordpress/wp-content/plugins/wp-user-manager/vendor-dist/htmlburger/carbon-fields/core/Container/Container.php on line 190
[28-Jan-2025 16:51:36 UTC] PHP Deprecated:  Calling get_class() without arguments is deprecated in /Applications/MAMP/htdocs/wordpress/wp-content/plugins/wp-user-manager/vendor-dist/htmlburger/carbon-fields/core/Datastore/Datastore.php on line 75
[28-Jan-2025 16:51:36 UTC] PHP Deprecated:  Calling get_class() without arguments is deprecated in /Applications/MAMP/htdocs/wordpress/wp-content/plugins/wp-user-manager/vendor-dist/htmlburger/carbon-fields/core/Container.php on line 29
[28-Jan-2025 16:51:36 UTC] PHP Deprecated:  Creation of dynamic property WPUM\Carbon_Fields\Container\User_Meta_Container::$id is deprecated in /Applications/MAMP/htdocs/wordpress/wp-content/plugins/wp-user-manager/vendor-dist/htmlburger/carbon-fields/core/Container/Container.php on line 188
[28-Jan-2025 16:51:36 UTC] PHP Deprecated:  Creation of dynamic property WPUM\Carbon_Fields\Container\User_Meta_Container::$type is deprecated in /Applications/MAMP/htdocs/wordpress/wp-content/plugins/wp-user-manager/vendor-dist/htmlburger/carbon-fields/core/Container/Container.php on line 190
[28-Jan-2025 16:51:36 UTC] PHP Deprecated:  Calling get_class() without arguments is deprecated in /Applications/MAMP/htdocs/wordpress/wp-content/plugins/wp-user-manager/vendor-dist/htmlburger/carbon-fields/core/Datastore/Datastore.php on line 75
[28-Jan-2025 16:51:36 UTC] PHP Deprecated:  Calling get_class() without arguments is deprecated in /Applications/MAMP/htdocs/wordpress/wp-content/plugins/wp-user-manager/vendor-dist/htmlburger/carbon-fields/core/Field.php on line 29
[28-Jan-2025 16:51:36 UTC] PHP Deprecated:  Calling get_class() without arguments is deprecated in /Applications/MAMP/htdocs/wordpress/wp-content/plugins/wp-user-manager/vendor-dist/htmlburger/carbon-fields/core/Container.php on line 29
[28-Jan-2025 16:51:36 UTC] PHP Deprecated:  Creation of dynamic property WPUM\Carbon_Fields\Container\User_Meta_Container::$id is deprecated in /Applications/MAMP/htdocs/wordpress/wp-content/plugins/wp-user-manager/vendor-dist/htmlburger/carbon-fields/core/Container/Container.php on line 188
[28-Jan-2025 16:51:36 UTC] PHP Deprecated:  Creation of dynamic property WPUM\Carbon_Fields\Container\User_Meta_Container::$type is deprecated in /Applications/MAMP/htdocs/wordpress/wp-content/plugins/wp-user-manager/vendor-dist/htmlburger/carbon-fields/core/Container/Container.php on line 190
[28-Jan-2025 16:51:36 UTC] PHP Deprecated:  Calling get_class() without arguments is deprecated in /Applications/MAMP/htdocs/wordpress/wp-content/plugins/wp-user-manager/vendor-dist/htmlburger/carbon-fields/core/Datastore/Datastore.php on line 75
[28-Jan-2025 16:51:36 UTC] PHP Deprecated:  Calling get_class() without arguments is deprecated in /Applications/MAMP/htdocs/wordpress/wp-content/plugins/wp-user-manager/vendor-dist/htmlburger/carbon-fields/core/Field.php on line 29
[28-Jan-2025 16:51:36 UTC] PHP Deprecated:  Calling get_class() without arguments is deprecated in /Applications/MAMP/htdocs/wordpress/wp-content/plugins/wp-user-manager/vendor-dist/htmlburger/carbon-fields/core/Container.php on line 29
[28-Jan-2025 16:51:36 UTC] PHP Deprecated:  Creation of dynamic property WPUM\Carbon_Fields\Container\Nav_Menu_Item_Container::$id is deprecated in /Applications/MAMP/htdocs/wordpress/wp-content/plugins/wp-user-manager/vendor-dist/htmlburger/carbon-fields/core/Container/Container.php on line 188
[28-Jan-2025 16:51:36 UTC] PHP Deprecated:  Creation of dynamic property WPUM\Carbon_Fields\Container\Nav_Menu_Item_Container::$type is deprecated in /Applications/MAMP/htdocs/wordpress/wp-content/plugins/wp-user-manager/vendor-dist/htmlburger/carbon-fields/core/Container/Container.php on line 190
[28-Jan-2025 16:51:36 UTC] PHP Deprecated:  Calling get_class() without arguments is deprecated in /Applications/MAMP/htdocs/wordpress/wp-content/plugins/wp-user-manager/vendor-dist/htmlburger/carbon-fields/core/Datastore/Datastore.php on line 75
[28-Jan-2025 16:51:36 UTC] PHP Deprecated:  Calling get_class() without arguments is deprecated in /Applications/MAMP/htdocs/wordpress/wp-content/plugins/wp-user-manager/vendor-dist/htmlburger/carbon-fields/core/Container/Nav_Menu_Item_Container.php on line 36
[28-Jan-2025 16:51:36 UTC] PHP Deprecated:  Calling get_class() without arguments is deprecated in /Applications/MAMP/htdocs/wordpress/wp-content/plugins/wp-user-manager/vendor-dist/htmlburger/carbon-fields/core/Field.php on line 29
[28-Jan-2025 16:51:36 UTC] PHP Deprecated:  Calling get_class() without arguments is deprecated in /Applications/MAMP/htdocs/wordpress/wp-content/plugins/wp-user-manager/vendor-dist/htmlburger/carbon-fields/core/Field.php on line 29
[28-Jan-2025 16:51:36 UTC] PHP Deprecated:  Calling get_class() without arguments is deprecated in /Applications/MAMP/htdocs/wordpress/wp-content/plugins/wp-user-manager/vendor-dist/htmlburger/carbon-fields/core/Field.php on line 29
[28-Jan-2025 16:51:36 UTC] PHP Deprecated:  Return type of WPUM\Carbon_Fields\Pimple\Container::offsetExists($id) should either be compatible with ArrayAccess::offsetExists(mixed $offset): bool, or the #[\ReturnTypeWillChange] attribute should be used to temporarily suppress the notice in /Applications/MAMP/htdocs/wordpress/wp-content/plugins/wp-user-manager/vendor-dist/htmlburger/carbon-fields/core/Pimple/Container.php on line 111
[28-Jan-2025 16:51:36 UTC] PHP Deprecated:  Return type of WPUM\Carbon_Fields\Pimple\Container::offsetGet($id) should either be compatible with ArrayAccess::offsetGet(mixed $offset): mixed, or the #[\ReturnTypeWillChange] attribute should be used to temporarily suppress the notice in /Applications/MAMP/htdocs/wordpress/wp-content/plugins/wp-user-manager/vendor-dist/htmlburger/carbon-fields/core/Pimple/Container.php on line 87
[28-Jan-2025 16:51:36 UTC] PHP Deprecated:  Return type of WPUM\Carbon_Fields\Pimple\Container::offsetSet($id, $value) should either be compatible with ArrayAccess::offsetSet(mixed $offset, mixed $value): void, or the #[\ReturnTypeWillChange] attribute should be used to temporarily suppress the notice in /Applications/MAMP/htdocs/wordpress/wp-content/plugins/wp-user-manager/vendor-dist/htmlburger/carbon-fields/core/Pimple/Container.php on line 70
[28-Jan-2025 16:51:36 UTC] PHP Deprecated:  Return type of WPUM\Carbon_Fields\Pimple\Container::offsetUnset($id) should either be compatible with ArrayAccess::offsetUnset(mixed $offset): void, or the #[\ReturnTypeWillChange] attribute should be used to temporarily suppress the notice in /Applications/MAMP/htdocs/wordpress/wp-content/plugins/wp-user-manager/vendor-dist/htmlburger/carbon-fields/core/Pimple/Container.php on line 120
[28-Jan-2025 16:51:36 UTC] PHP Deprecated:  Calling get_class() without arguments is deprecated in /Applications/MAMP/htdocs/wordpress/wp-content/plugins/wp-user-manager/vendor-dist/htmlburger/carbon-fields/core/Field.php on line 29
[28-Jan-2025 16:51:36 UTC] PHP Deprecated:  Calling get_class() without arguments is deprecated in /Applications/MAMP/htdocs/wordpress/wp-content/plugins/wp-user-manager/vendor-dist/htmlburger/carbon-fields/core/Field.php on line 29
[28-Jan-2025 16:51:36 UTC] PHP Deprecated:  Calling get_class() without arguments is deprecated in /Applications/MAMP/htdocs/wordpress/wp-content/plugins/wp-user-manager/vendor-dist/htmlburger/carbon-fields/core/Container.php on line 29
[28-Jan-2025 16:51:36 UTC] PHP Deprecated:  Creation of dynamic property WPUM\Carbon_Fields\Container\User_Meta_Container::$id is deprecated in /Applications/MAMP/htdocs/wordpress/wp-content/plugins/wp-user-manager/vendor-dist/htmlburger/carbon-fields/core/Container/Container.php on line 188
[28-Jan-2025 16:51:36 UTC] PHP Deprecated:  Creation of dynamic property WPUM\Carbon_Fields\Container\User_Meta_Container::$type is deprecated in /Applications/MAMP/htdocs/wordpress/wp-content/plugins/wp-user-manager/vendor-dist/htmlburger/carbon-fields/core/Container/Container.php on line 190
[28-Jan-2025 16:51:36 UTC] PHP Deprecated:  Calling get_class() without arguments is deprecated in /Applications/MAMP/htdocs/wordpress/wp-content/plugins/wp-user-manager/vendor-dist/htmlburger/carbon-fields/core/Datastore/Datastore.php on line 75
[28-Jan-2025 16:51:36 UTC] PHP Deprecated:  Calling get_class() without arguments is deprecated in /Applications/MAMP/htdocs/wordpress/wp-content/plugins/wp-user-manager/vendor-dist/htmlburger/carbon-fields/core/Container.php on line 29
[28-Jan-2025 16:51:36 UTC] PHP Deprecated:  Creation of dynamic property WPUM\Carbon_Fields\Container\User_Meta_Container::$id is deprecated in /Applications/MAMP/htdocs/wordpress/wp-content/plugins/wp-user-manager/vendor-dist/htmlburger/carbon-fields/core/Container/Container.php on line 188
[28-Jan-2025 16:51:36 UTC] PHP Deprecated:  Creation of dynamic property WPUM\Carbon_Fields\Container\User_Meta_Container::$type is deprecated in /Applications/MAMP/htdocs/wordpress/wp-content/plugins/wp-user-manager/vendor-dist/htmlburger/carbon-fields/core/Container/Container.php on line 190
[28-Jan-2025 16:51:36 UTC] PHP Deprecated:  Calling get_class() without arguments is deprecated in /Applications/MAMP/htdocs/wordpress/wp-content/plugins/wp-user-manager/vendor-dist/htmlburger/carbon-fields/core/Datastore/Datastore.php on line 75
[28-Jan-2025 16:51:36 UTC] PHP Deprecated:  Calling get_class() without arguments is deprecated in /Applications/MAMP/htdocs/wordpress/wp-content/plugins/wp-user-manager/vendor-dist/htmlburger/carbon-fields/core/Field.php on line 29
[28-Jan-2025 16:51:36 UTC] PHP Deprecated:  Calling get_class() without arguments is deprecated in /Applications/MAMP/htdocs/wordpress/wp-content/plugins/wp-user-manager/vendor-dist/htmlburger/carbon-fields/core/Container.php on line 29
[28-Jan-2025 16:51:36 UTC] PHP Deprecated:  Creation of dynamic property WPUM\Carbon_Fields\Container\User_Meta_Container::$id is deprecated in /Applications/MAMP/htdocs/wordpress/wp-content/plugins/wp-user-manager/vendor-dist/htmlburger/carbon-fields/core/Container/Container.php on line 188
[28-Jan-2025 16:51:36 UTC] PHP Deprecated:  Creation of dynamic property WPUM\Carbon_Fields\Container\User_Meta_Container::$type is deprecated in /Applications/MAMP/htdocs/wordpress/wp-content/plugins/wp-user-manager/vendor-dist/htmlburger/carbon-fields/core/Container/Container.php on line 190
[28-Jan-2025 16:51:36 UTC] PHP Deprecated:  Calling get_class() without arguments is deprecated in /Applications/MAMP/htdocs/wordpress/wp-content/plugins/wp-user-manager/vendor-dist/htmlburger/carbon-fields/core/Datastore/Datastore.php on line 75
[28-Jan-2025 16:51:36 UTC] PHP Deprecated:  Calling get_class() without arguments is deprecated in /Applications/MAMP/htdocs/wordpress/wp-content/plugins/wp-user-manager/vendor-dist/htmlburger/carbon-fields/core/Field.php on line 29
[28-Jan-2025 16:51:36 UTC] PHP Deprecated:  Calling get_class() without arguments is deprecated in /Applications/MAMP/htdocs/wordpress/wp-content/plugins/wp-user-manager/vendor-dist/htmlburger/carbon-fields/core/Container.php on line 29
[28-Jan-2025 16:51:36 UTC] PHP Deprecated:  Creation of dynamic property WPUM\Carbon_Fields\Container\Nav_Menu_Item_Container::$id is deprecated in /Applications/MAMP/htdocs/wordpress/wp-content/plugins/wp-user-manager/vendor-dist/htmlburger/carbon-fields/core/Container/Container.php on line 188
[28-Jan-2025 16:51:36 UTC] PHP Deprecated:  Creation of dynamic property WPUM\Carbon_Fields\Container\Nav_Menu_Item_Container::$type is deprecated in /Applications/MAMP/htdocs/wordpress/wp-content/plugins/wp-user-manager/vendor-dist/htmlburger/carbon-fields/core/Container/Container.php on line 190
[28-Jan-2025 16:51:36 UTC] PHP Deprecated:  Calling get_class() without arguments is deprecated in /Applications/MAMP/htdocs/wordpress/wp-content/plugins/wp-user-manager/vendor-dist/htmlburger/carbon-fields/core/Datastore/Datastore.php on line 75
[28-Jan-2025 16:51:36 UTC] PHP Deprecated:  Calling get_class() without arguments is deprecated in /Applications/MAMP/htdocs/wordpress/wp-content/plugins/wp-user-manager/vendor-dist/htmlburger/carbon-fields/core/Container/Nav_Menu_Item_Container.php on line 36
[28-Jan-2025 16:51:36 UTC] PHP Deprecated:  Calling get_class() without arguments is deprecated in /Applications/MAMP/htdocs/wordpress/wp-content/plugins/wp-user-manager/vendor-dist/htmlburger/carbon-fields/core/Field.php on line 29
[28-Jan-2025 16:51:36 UTC] PHP Deprecated:  Calling get_class() without arguments is deprecated in /Applications/MAMP/htdocs/wordpress/wp-content/plugins/wp-user-manager/vendor-dist/htmlburger/carbon-fields/core/Field.php on line 29
[28-Jan-2025 16:51:36 UTC] PHP Deprecated:  Calling get_class() without arguments is deprecated in /Applications/MAMP/htdocs/wordpress/wp-content/plugins/wp-user-manager/vendor-dist/htmlburger/carbon-fields/core/Field.php on line 29
[28-Jan-2025 16:51:39 UTC] PHP Deprecated:  Return type of WPUM\Carbon_Fields\Pimple\Container::offsetExists($id) should either be compatible with ArrayAccess::offsetExists(mixed $offset): bool, or the #[\ReturnTypeWillChange] attribute should be used to temporarily suppress the notice in /Applications/MAMP/htdocs/wordpress/wp-content/plugins/wp-user-manager/vendor-dist/htmlburger/carbon-fields/core/Pimple/Container.php on line 111
[28-Jan-2025 16:51:39 UTC] PHP Deprecated:  Return type of WPUM\Carbon_Fields\Pimple\Container::offsetGet($id) should either be compatible with ArrayAccess::offsetGet(mixed $offset): mixed, or the #[\ReturnTypeWillChange] attribute should be used to temporarily suppress the notice in /Applications/MAMP/htdocs/wordpress/wp-content/plugins/wp-user-manager/vendor-dist/htmlburger/carbon-fields/core/Pimple/Container.php on line 87
[28-Jan-2025 16:51:39 UTC] PHP Deprecated:  Return type of WPUM\Carbon_Fields\Pimple\Container::offsetSet($id, $value) should either be compatible with ArrayAccess::offsetSet(mixed $offset, mixed $value): void, or the #[\ReturnTypeWillChange] attribute should be used to temporarily suppress the notice in /Applications/MAMP/htdocs/wordpress/wp-content/plugins/wp-user-manager/vendor-dist/htmlburger/carbon-fields/core/Pimple/Container.php on line 70
[28-Jan-2025 16:51:39 UTC] PHP Deprecated:  Return type of WPUM\Carbon_Fields\Pimple\Container::offsetUnset($id) should either be compatible with ArrayAccess::offsetUnset(mixed $offset): void, or the #[\ReturnTypeWillChange] attribute should be used to temporarily suppress the notice in /Applications/MAMP/htdocs/wordpress/wp-content/plugins/wp-user-manager/vendor-dist/htmlburger/carbon-fields/core/Pimple/Container.php on line 120
[28-Jan-2025 16:51:39 UTC] PHP Deprecated:  Calling get_class() without arguments is deprecated in /Applications/MAMP/htdocs/wordpress/wp-content/plugins/wp-user-manager/vendor-dist/htmlburger/carbon-fields/core/Field.php on line 29
[28-Jan-2025 16:51:39 UTC] PHP Deprecated:  Calling get_class() without arguments is deprecated in /Applications/MAMP/htdocs/wordpress/wp-content/plugins/wp-user-manager/vendor-dist/htmlburger/carbon-fields/core/Field.php on line 29
[28-Jan-2025 16:51:39 UTC] PHP Deprecated:  Calling get_class() without arguments is deprecated in /Applications/MAMP/htdocs/wordpress/wp-content/plugins/wp-user-manager/vendor-dist/htmlburger/carbon-fields/core/Container.php on line 29
[28-Jan-2025 16:51:39 UTC] PHP Deprecated:  Creation of dynamic property WPUM\Carbon_Fields\Container\User_Meta_Container::$id is deprecated in /Applications/MAMP/htdocs/wordpress/wp-content/plugins/wp-user-manager/vendor-dist/htmlburger/carbon-fields/core/Container/Container.php on line 188
[28-Jan-2025 16:51:39 UTC] PHP Deprecated:  Creation of dynamic property WPUM\Carbon_Fields\Container\User_Meta_Container::$type is deprecated in /Applications/MAMP/htdocs/wordpress/wp-content/plugins/wp-user-manager/vendor-dist/htmlburger/carbon-fields/core/Container/Container.php on line 190
[28-Jan-2025 16:51:39 UTC] PHP Deprecated:  Calling get_class() without arguments is deprecated in /Applications/MAMP/htdocs/wordpress/wp-content/plugins/wp-user-manager/vendor-dist/htmlburger/carbon-fields/core/Datastore/Datastore.php on line 75
[28-Jan-2025 16:51:39 UTC] PHP Deprecated:  Calling get_class() without arguments is deprecated in /Applications/MAMP/htdocs/wordpress/wp-content/plugins/wp-user-manager/vendor-dist/htmlburger/carbon-fields/core/Container.php on line 29
[28-Jan-2025 16:51:39 UTC] PHP Deprecated:  Creation of dynamic property WPUM\Carbon_Fields\Container\User_Meta_Container::$id is deprecated in /Applications/MAMP/htdocs/wordpress/wp-content/plugins/wp-user-manager/vendor-dist/htmlburger/carbon-fields/core/Container/Container.php on line 188
[28-Jan-2025 16:51:39 UTC] PHP Deprecated:  Creation of dynamic property WPUM\Carbon_Fields\Container\User_Meta_Container::$type is deprecated in /Applications/MAMP/htdocs/wordpress/wp-content/plugins/wp-user-manager/vendor-dist/htmlburger/carbon-fields/core/Container/Container.php on line 190
[28-Jan-2025 16:51:39 UTC] PHP Deprecated:  Calling get_class() without arguments is deprecated in /Applications/MAMP/htdocs/wordpress/wp-content/plugins/wp-user-manager/vendor-dist/htmlburger/carbon-fields/core/Datastore/Datastore.php on line 75
[28-Jan-2025 16:51:39 UTC] PHP Deprecated:  Calling get_class() without arguments is deprecated in /Applications/MAMP/htdocs/wordpress/wp-content/plugins/wp-user-manager/vendor-dist/htmlburger/carbon-fields/core/Field.php on line 29
[28-Jan-2025 16:51:39 UTC] PHP Deprecated:  Calling get_class() without arguments is deprecated in /Applications/MAMP/htdocs/wordpress/wp-content/plugins/wp-user-manager/vendor-dist/htmlburger/carbon-fields/core/Container.php on line 29
[28-Jan-2025 16:51:39 UTC] PHP Deprecated:  Creation of dynamic property WPUM\Carbon_Fields\Container\User_Meta_Container::$id is deprecated in /Applications/MAMP/htdocs/wordpress/wp-content/plugins/wp-user-manager/vendor-dist/htmlburger/carbon-fields/core/Container/Container.php on line 188
[28-Jan-2025 16:51:39 UTC] PHP Deprecated:  Creation of dynamic property WPUM\Carbon_Fields\Container\User_Meta_Container::$type is deprecated in /Applications/MAMP/htdocs/wordpress/wp-content/plugins/wp-user-manager/vendor-dist/htmlburger/carbon-fields/core/Container/Container.php on line 190
[28-Jan-2025 16:51:39 UTC] PHP Deprecated:  Calling get_class() without arguments is deprecated in /Applications/MAMP/htdocs/wordpress/wp-content/plugins/wp-user-manager/vendor-dist/htmlburger/carbon-fields/core/Datastore/Datastore.php on line 75
[28-Jan-2025 16:51:39 UTC] PHP Deprecated:  Calling get_class() without arguments is deprecated in /Applications/MAMP/htdocs/wordpress/wp-content/plugins/wp-user-manager/vendor-dist/htmlburger/carbon-fields/core/Field.php on line 29
[28-Jan-2025 16:51:39 UTC] PHP Deprecated:  Calling get_class() without arguments is deprecated in /Applications/MAMP/htdocs/wordpress/wp-content/plugins/wp-user-manager/vendor-dist/htmlburger/carbon-fields/core/Container.php on line 29
[28-Jan-2025 16:51:39 UTC] PHP Deprecated:  Creation of dynamic property WPUM\Carbon_Fields\Container\Nav_Menu_Item_Container::$id is deprecated in /Applications/MAMP/htdocs/wordpress/wp-content/plugins/wp-user-manager/vendor-dist/htmlburger/carbon-fields/core/Container/Container.php on line 188
[28-Jan-2025 16:51:39 UTC] PHP Deprecated:  Creation of dynamic property WPUM\Carbon_Fields\Container\Nav_Menu_Item_Container::$type is deprecated in /Applications/MAMP/htdocs/wordpress/wp-content/plugins/wp-user-manager/vendor-dist/htmlburger/carbon-fields/core/Container/Container.php on line 190
[28-Jan-2025 16:51:39 UTC] PHP Deprecated:  Calling get_class() without arguments is deprecated in /Applications/MAMP/htdocs/wordpress/wp-content/plugins/wp-user-manager/vendor-dist/htmlburger/carbon-fields/core/Datastore/Datastore.php on line 75
[28-Jan-2025 16:51:39 UTC] PHP Deprecated:  Calling get_class() without arguments is deprecated in /Applications/MAMP/htdocs/wordpress/wp-content/plugins/wp-user-manager/vendor-dist/htmlburger/carbon-fields/core/Container/Nav_Menu_Item_Container.php on line 36
[28-Jan-2025 16:51:39 UTC] PHP Deprecated:  Calling get_class() without arguments is deprecated in /Applications/MAMP/htdocs/wordpress/wp-content/plugins/wp-user-manager/vendor-dist/htmlburger/carbon-fields/core/Field.php on line 29
[28-Jan-2025 16:51:39 UTC] PHP Deprecated:  Calling get_class() without arguments is deprecated in /Applications/MAMP/htdocs/wordpress/wp-content/plugins/wp-user-manager/vendor-dist/htmlburger/carbon-fields/core/Field.php on line 29
[28-Jan-2025 16:51:39 UTC] PHP Deprecated:  Calling get_class() without arguments is deprecated in /Applications/MAMP/htdocs/wordpress/wp-content/plugins/wp-user-manager/vendor-dist/htmlburger/carbon-fields/core/Field.php on line 29
[28-Jan-2025 16:51:44 UTC] PHP Deprecated:  Return type of WPUM\Carbon_Fields\Pimple\Container::offsetExists($id) should either be compatible with ArrayAccess::offsetExists(mixed $offset): bool, or the #[\ReturnTypeWillChange] attribute should be used to temporarily suppress the notice in /Applications/MAMP/htdocs/wordpress/wp-content/plugins/wp-user-manager/vendor-dist/htmlburger/carbon-fields/core/Pimple/Container.php on line 111
[28-Jan-2025 16:51:44 UTC] PHP Deprecated:  Return type of WPUM\Carbon_Fields\Pimple\Container::offsetGet($id) should either be compatible with ArrayAccess::offsetGet(mixed $offset): mixed, or the #[\ReturnTypeWillChange] attribute should be used to temporarily suppress the notice in /Applications/MAMP/htdocs/wordpress/wp-content/plugins/wp-user-manager/vendor-dist/htmlburger/carbon-fields/core/Pimple/Container.php on line 87
[28-Jan-2025 16:51:44 UTC] PHP Deprecated:  Return type of WPUM\Carbon_Fields\Pimple\Container::offsetSet($id, $value) should either be compatible with ArrayAccess::offsetSet(mixed $offset, mixed $value): void, or the #[\ReturnTypeWillChange] attribute should be used to temporarily suppress the notice in /Applications/MAMP/htdocs/wordpress/wp-content/plugins/wp-user-manager/vendor-dist/htmlburger/carbon-fields/core/Pimple/Container.php on line 70
[28-Jan-2025 16:51:44 UTC] PHP Deprecated:  Return type of WPUM\Carbon_Fields\Pimple\Container::offsetUnset($id) should either be compatible with ArrayAccess::offsetUnset(mixed $offset): void, or the #[\ReturnTypeWillChange] attribute should be used to temporarily suppress the notice in /Applications/MAMP/htdocs/wordpress/wp-content/plugins/wp-user-manager/vendor-dist/htmlburger/carbon-fields/core/Pimple/Container.php on line 120
[28-Jan-2025 16:51:44 UTC] PHP Deprecated:  Calling get_class() without arguments is deprecated in /Applications/MAMP/htdocs/wordpress/wp-content/plugins/wp-user-manager/vendor-dist/htmlburger/carbon-fields/core/Field.php on line 29
[28-Jan-2025 16:51:44 UTC] PHP Deprecated:  Calling get_class() without arguments is deprecated in /Applications/MAMP/htdocs/wordpress/wp-content/plugins/wp-user-manager/vendor-dist/htmlburger/carbon-fields/core/Field.php on line 29
[28-Jan-2025 16:51:44 UTC] PHP Deprecated:  Calling get_class() without arguments is deprecated in /Applications/MAMP/htdocs/wordpress/wp-content/plugins/wp-user-manager/vendor-dist/htmlburger/carbon-fields/core/Container.php on line 29
[28-Jan-2025 16:51:44 UTC] PHP Deprecated:  Creation of dynamic property WPUM\Carbon_Fields\Container\User_Meta_Container::$id is deprecated in /Applications/MAMP/htdocs/wordpress/wp-content/plugins/wp-user-manager/vendor-dist/htmlburger/carbon-fields/core/Container/Container.php on line 188
[28-Jan-2025 16:51:44 UTC] PHP Deprecated:  Creation of dynamic property WPUM\Carbon_Fields\Container\User_Meta_Container::$type is deprecated in /Applications/MAMP/htdocs/wordpress/wp-content/plugins/wp-user-manager/vendor-dist/htmlburger/carbon-fields/core/Container/Container.php on line 190
[28-Jan-2025 16:51:44 UTC] PHP Deprecated:  Calling get_class() without arguments is deprecated in /Applications/MAMP/htdocs/wordpress/wp-content/plugins/wp-user-manager/vendor-dist/htmlburger/carbon-fields/core/Datastore/Datastore.php on line 75
[28-Jan-2025 16:51:44 UTC] PHP Deprecated:  Calling get_class() without arguments is deprecated in /Applications/MAMP/htdocs/wordpress/wp-content/plugins/wp-user-manager/vendor-dist/htmlburger/carbon-fields/core/Container.php on line 29
[28-Jan-2025 16:51:44 UTC] PHP Deprecated:  Creation of dynamic property WPUM\Carbon_Fields\Container\User_Meta_Container::$id is deprecated in /Applications/MAMP/htdocs/wordpress/wp-content/plugins/wp-user-manager/vendor-dist/htmlburger/carbon-fields/core/Container/Container.php on line 188
[28-Jan-2025 16:51:44 UTC] PHP Deprecated:  Creation of dynamic property WPUM\Carbon_Fields\Container\User_Meta_Container::$type is deprecated in /Applications/MAMP/htdocs/wordpress/wp-content/plugins/wp-user-manager/vendor-dist/htmlburger/carbon-fields/core/Container/Container.php on line 190
[28-Jan-2025 16:51:44 UTC] PHP Deprecated:  Calling get_class() without arguments is deprecated in /Applications/MAMP/htdocs/wordpress/wp-content/plugins/wp-user-manager/vendor-dist/htmlburger/carbon-fields/core/Datastore/Datastore.php on line 75
[28-Jan-2025 16:51:44 UTC] PHP Deprecated:  Calling get_class() without arguments is deprecated in /Applications/MAMP/htdocs/wordpress/wp-content/plugins/wp-user-manager/vendor-dist/htmlburger/carbon-fields/core/Field.php on line 29
[28-Jan-2025 16:51:44 UTC] PHP Deprecated:  Calling get_class() without arguments is deprecated in /Applications/MAMP/htdocs/wordpress/wp-content/plugins/wp-user-manager/vendor-dist/htmlburger/carbon-fields/core/Container.php on line 29
[28-Jan-2025 16:51:44 UTC] PHP Deprecated:  Creation of dynamic property WPUM\Carbon_Fields\Container\User_Meta_Container::$id is deprecated in /Applications/MAMP/htdocs/wordpress/wp-content/plugins/wp-user-manager/vendor-dist/htmlburger/carbon-fields/core/Container/Container.php on line 188
[28-Jan-2025 16:51:44 UTC] PHP Deprecated:  Creation of dynamic property WPUM\Carbon_Fields\Container\User_Meta_Container::$type is deprecated in /Applications/MAMP/htdocs/wordpress/wp-content/plugins/wp-user-manager/vendor-dist/htmlburger/carbon-fields/core/Container/Container.php on line 190
[28-Jan-2025 16:51:44 UTC] PHP Deprecated:  Calling get_class() without arguments is deprecated in /Applications/MAMP/htdocs/wordpress/wp-content/plugins/wp-user-manager/vendor-dist/htmlburger/carbon-fields/core/Datastore/Datastore.php on line 75
[28-Jan-2025 16:51:44 UTC] PHP Deprecated:  Calling get_class() without arguments is deprecated in /Applications/MAMP/htdocs/wordpress/wp-content/plugins/wp-user-manager/vendor-dist/htmlburger/carbon-fields/core/Field.php on line 29
[28-Jan-2025 16:51:44 UTC] PHP Deprecated:  Calling get_class() without arguments is deprecated in /Applications/MAMP/htdocs/wordpress/wp-content/plugins/wp-user-manager/vendor-dist/htmlburger/carbon-fields/core/Container.php on line 29
[28-Jan-2025 16:51:44 UTC] PHP Deprecated:  Creation of dynamic property WPUM\Carbon_Fields\Container\Nav_Menu_Item_Container::$id is deprecated in /Applications/MAMP/htdocs/wordpress/wp-content/plugins/wp-user-manager/vendor-dist/htmlburger/carbon-fields/core/Container/Container.php on line 188
[28-Jan-2025 16:51:44 UTC] PHP Deprecated:  Creation of dynamic property WPUM\Carbon_Fields\Container\Nav_Menu_Item_Container::$type is deprecated in /Applications/MAMP/htdocs/wordpress/wp-content/plugins/wp-user-manager/vendor-dist/htmlburger/carbon-fields/core/Container/Container.php on line 190
[28-Jan-2025 16:51:44 UTC] PHP Deprecated:  Calling get_class() without arguments is deprecated in /Applications/MAMP/htdocs/wordpress/wp-content/plugins/wp-user-manager/vendor-dist/htmlburger/carbon-fields/core/Datastore/Datastore.php on line 75
[28-Jan-2025 16:51:44 UTC] PHP Deprecated:  Calling get_class() without arguments is deprecated in /Applications/MAMP/htdocs/wordpress/wp-content/plugins/wp-user-manager/vendor-dist/htmlburger/carbon-fields/core/Container/Nav_Menu_Item_Container.php on line 36
[28-Jan-2025 16:51:44 UTC] PHP Deprecated:  Calling get_class() without arguments is deprecated in /Applications/MAMP/htdocs/wordpress/wp-content/plugins/wp-user-manager/vendor-dist/htmlburger/carbon-fields/core/Field.php on line 29
[28-Jan-2025 16:51:44 UTC] PHP Deprecated:  Calling get_class() without arguments is deprecated in /Applications/MAMP/htdocs/wordpress/wp-content/plugins/wp-user-manager/vendor-dist/htmlburger/carbon-fields/core/Field.php on line 29
[28-Jan-2025 16:51:44 UTC] PHP Deprecated:  Calling get_class() without arguments is deprecated in /Applications/MAMP/htdocs/wordpress/wp-content/plugins/wp-user-manager/vendor-dist/htmlburger/carbon-fields/core/Field.php on line 29
[28-Jan-2025 16:51:52 UTC] PHP Deprecated:  Return type of WPUM\Carbon_Fields\Pimple\Container::offsetExists($id) should either be compatible with ArrayAccess::offsetExists(mixed $offset): bool, or the #[\ReturnTypeWillChange] attribute should be used to temporarily suppress the notice in /Applications/MAMP/htdocs/wordpress/wp-content/plugins/wp-user-manager/vendor-dist/htmlburger/carbon-fields/core/Pimple/Container.php on line 111
[28-Jan-2025 16:51:52 UTC] PHP Deprecated:  Return type of WPUM\Carbon_Fields\Pimple\Container::offsetGet($id) should either be compatible with ArrayAccess::offsetGet(mixed $offset): mixed, or the #[\ReturnTypeWillChange] attribute should be used to temporarily suppress the notice in /Applications/MAMP/htdocs/wordpress/wp-content/plugins/wp-user-manager/vendor-dist/htmlburger/carbon-fields/core/Pimple/Container.php on line 87
[28-Jan-2025 16:51:52 UTC] PHP Deprecated:  Return type of WPUM\Carbon_Fields\Pimple\Container::offsetSet($id, $value) should either be compatible with ArrayAccess::offsetSet(mixed $offset, mixed $value): void, or the #[\ReturnTypeWillChange] attribute should be used to temporarily suppress the notice in /Applications/MAMP/htdocs/wordpress/wp-content/plugins/wp-user-manager/vendor-dist/htmlburger/carbon-fields/core/Pimple/Container.php on line 70
[28-Jan-2025 16:51:52 UTC] PHP Deprecated:  Return type of WPUM\Carbon_Fields\Pimple\Container::offsetUnset($id) should either be compatible with ArrayAccess::offsetUnset(mixed $offset): void, or the #[\ReturnTypeWillChange] attribute should be used to temporarily suppress the notice in /Applications/MAMP/htdocs/wordpress/wp-content/plugins/wp-user-manager/vendor-dist/htmlburger/carbon-fields/core/Pimple/Container.php on line 120
[28-Jan-2025 16:51:52 UTC] PHP Deprecated:  Calling get_class() without arguments is deprecated in /Applications/MAMP/htdocs/wordpress/wp-content/plugins/wp-user-manager/vendor-dist/htmlburger/carbon-fields/core/Field.php on line 29
[28-Jan-2025 16:51:52 UTC] PHP Deprecated:  Calling get_class() without arguments is deprecated in /Applications/MAMP/htdocs/wordpress/wp-content/plugins/wp-user-manager/vendor-dist/htmlburger/carbon-fields/core/Field.php on line 29
[28-Jan-2025 16:51:52 UTC] PHP Deprecated:  Calling get_class() without arguments is deprecated in /Applications/MAMP/htdocs/wordpress/wp-content/plugins/wp-user-manager/vendor-dist/htmlburger/carbon-fields/core/Container.php on line 29
[28-Jan-2025 16:51:52 UTC] PHP Deprecated:  Creation of dynamic property WPUM\Carbon_Fields\Container\User_Meta_Container::$id is deprecated in /Applications/MAMP/htdocs/wordpress/wp-content/plugins/wp-user-manager/vendor-dist/htmlburger/carbon-fields/core/Container/Container.php on line 188
[28-Jan-2025 16:51:52 UTC] PHP Deprecated:  Creation of dynamic property WPUM\Carbon_Fields\Container\User_Meta_Container::$type is deprecated in /Applications/MAMP/htdocs/wordpress/wp-content/plugins/wp-user-manager/vendor-dist/htmlburger/carbon-fields/core/Container/Container.php on line 190
[28-Jan-2025 16:51:52 UTC] PHP Deprecated:  Calling get_class() without arguments is deprecated in /Applications/MAMP/htdocs/wordpress/wp-content/plugins/wp-user-manager/vendor-dist/htmlburger/carbon-fields/core/Datastore/Datastore.php on line 75
[28-Jan-2025 16:51:52 UTC] PHP Deprecated:  Calling get_class() without arguments is deprecated in /Applications/MAMP/htdocs/wordpress/wp-content/plugins/wp-user-manager/vendor-dist/htmlburger/carbon-fields/core/Container.php on line 29
[28-Jan-2025 16:51:52 UTC] PHP Deprecated:  Creation of dynamic property WPUM\Carbon_Fields\Container\User_Meta_Container::$id is deprecated in /Applications/MAMP/htdocs/wordpress/wp-content/plugins/wp-user-manager/vendor-dist/htmlburger/carbon-fields/core/Container/Container.php on line 188
[28-Jan-2025 16:51:52 UTC] PHP Deprecated:  Creation of dynamic property WPUM\Carbon_Fields\Container\User_Meta_Container::$type is deprecated in /Applications/MAMP/htdocs/wordpress/wp-content/plugins/wp-user-manager/vendor-dist/htmlburger/carbon-fields/core/Container/Container.php on line 190
[28-Jan-2025 16:51:52 UTC] PHP Deprecated:  Calling get_class() without arguments is deprecated in /Applications/MAMP/htdocs/wordpress/wp-content/plugins/wp-user-manager/vendor-dist/htmlburger/carbon-fields/core/Datastore/Datastore.php on line 75
[28-Jan-2025 16:51:52 UTC] PHP Deprecated:  Calling get_class() without arguments is deprecated in /Applications/MAMP/htdocs/wordpress/wp-content/plugins/wp-user-manager/vendor-dist/htmlburger/carbon-fields/core/Field.php on line 29
[28-Jan-2025 16:51:52 UTC] PHP Deprecated:  Calling get_class() without arguments is deprecated in /Applications/MAMP/htdocs/wordpress/wp-content/plugins/wp-user-manager/vendor-dist/htmlburger/carbon-fields/core/Container.php on line 29
[28-Jan-2025 16:51:52 UTC] PHP Deprecated:  Creation of dynamic property WPUM\Carbon_Fields\Container\User_Meta_Container::$id is deprecated in /Applications/MAMP/htdocs/wordpress/wp-content/plugins/wp-user-manager/vendor-dist/htmlburger/carbon-fields/core/Container/Container.php on line 188
[28-Jan-2025 16:51:52 UTC] PHP Deprecated:  Creation of dynamic property WPUM\Carbon_Fields\Container\User_Meta_Container::$type is deprecated in /Applications/MAMP/htdocs/wordpress/wp-content/plugins/wp-user-manager/vendor-dist/htmlburger/carbon-fields/core/Container/Container.php on line 190
[28-Jan-2025 16:51:52 UTC] PHP Deprecated:  Calling get_class() without arguments is deprecated in /Applications/MAMP/htdocs/wordpress/wp-content/plugins/wp-user-manager/vendor-dist/htmlburger/carbon-fields/core/Datastore/Datastore.php on line 75
[28-Jan-2025 16:51:52 UTC] PHP Deprecated:  Calling get_class() without arguments is deprecated in /Applications/MAMP/htdocs/wordpress/wp-content/plugins/wp-user-manager/vendor-dist/htmlburger/carbon-fields/core/Field.php on line 29
[28-Jan-2025 16:51:52 UTC] PHP Deprecated:  Calling get_class() without arguments is deprecated in /Applications/MAMP/htdocs/wordpress/wp-content/plugins/wp-user-manager/vendor-dist/htmlburger/carbon-fields/core/Container.php on line 29
[28-Jan-2025 16:51:52 UTC] PHP Deprecated:  Creation of dynamic property WPUM\Carbon_Fields\Container\Nav_Menu_Item_Container::$id is deprecated in /Applications/MAMP/htdocs/wordpress/wp-content/plugins/wp-user-manager/vendor-dist/htmlburger/carbon-fields/core/Container/Container.php on line 188
[28-Jan-2025 16:51:52 UTC] PHP Deprecated:  Creation of dynamic property WPUM\Carbon_Fields\Container\Nav_Menu_Item_Container::$type is deprecated in /Applications/MAMP/htdocs/wordpress/wp-content/plugins/wp-user-manager/vendor-dist/htmlburger/carbon-fields/core/Container/Container.php on line 190
[28-Jan-2025 16:51:52 UTC] PHP Deprecated:  Calling get_class() without arguments is deprecated in /Applications/MAMP/htdocs/wordpress/wp-content/plugins/wp-user-manager/vendor-dist/htmlburger/carbon-fields/core/Datastore/Datastore.php on line 75
[28-Jan-2025 16:51:52 UTC] PHP Deprecated:  Calling get_class() without arguments is deprecated in /Applications/MAMP/htdocs/wordpress/wp-content/plugins/wp-user-manager/vendor-dist/htmlburger/carbon-fields/core/Container/Nav_Menu_Item_Container.php on line 36
[28-Jan-2025 16:51:52 UTC] PHP Deprecated:  Calling get_class() without arguments is deprecated in /Applications/MAMP/htdocs/wordpress/wp-content/plugins/wp-user-manager/vendor-dist/htmlburger/carbon-fields/core/Field.php on line 29
[28-Jan-2025 16:51:52 UTC] PHP Deprecated:  Calling get_class() without arguments is deprecated in /Applications/MAMP/htdocs/wordpress/wp-content/plugins/wp-user-manager/vendor-dist/htmlburger/carbon-fields/core/Field.php on line 29
[28-Jan-2025 16:51:52 UTC] PHP Deprecated:  Calling get_class() without arguments is deprecated in /Applications/MAMP/htdocs/wordpress/wp-content/plugins/wp-user-manager/vendor-dist/htmlburger/carbon-fields/core/Field.php on line 29
[28-Jan-2025 21:18:47 UTC] Automatic updates starting...
[28-Jan-2025 21:18:48 UTC]   Automatic plugin updates starting...
[28-Jan-2025 21:18:48 UTC]   Automatic plugin updates complete.
[28-Jan-2025 21:18:49 UTC] Automatic updates complete.
